{"C:\\Users\\Josué\\Desktop\\tryless\\src\\index.ts": {"path":"C:\\Users\\Josué\\Desktop\\tryless\\src\\index.ts","statementMap":{"0":{"start":{"line":1,"column":0},"end":{"line":1,"column":7}},"1":{"start":{"line":13,"column":0},"end":{"line":13,"column":16}},"2":{"start":{"line":5,"column":2},"end":{"line":10,"column":3}},"3":{"start":{"line":6,"column":19},"end":{"line":6,"column":36}},"4":{"start":{"line":7,"column":4},"end":{"line":7,"column":26}},"5":{"start":{"line":9,"column":4},"end":{"line":9,"column":34}},"6":{"start":{"line":17,"column":2},"end":{"line":22,"column":3}},"7":{"start":{"line":18,"column":19},"end":{"line":18,"column":30}},"8":{"start":{"line":19,"column":4},"end":{"line":19,"column":26}},"9":{"start":{"line":21,"column":4},"end":{"line":21,"column":34}}},"fnMap":{"0":{"name":"tryAsync","decl":{"start":{"line":1,"column":22},"end":{"line":1,"column":30}},"loc":{"start":{"line":3,"column":15},"end":{"line":11,"column":1}}},"1":{"name":"trySync","decl":{"start":{"line":13,"column":16},"end":{"line":13,"column":23}},"loc":{"start":{"line":15,"column":15},"end":{"line":23,"column":1}}}},"branchMap":{},"s":{"0":1,"1":1,"2":4,"3":4,"4":3,"5":1,"6":4,"7":4,"8":3,"9":1},"f":{"0":4,"1":4},"b":{}}
}
